\BOOKMARK [-1][-]{part.1}{parichayaM}{}
\BOOKMARK [0][-]{chapter.1}{Nutrients and sources}{part.1}
\BOOKMARK [1][-]{section.1.1}{Nutrients}{chapter.1}
\BOOKMARK [2][-]{subsection.1.1.1}{Fiber}{section.1.1}
\BOOKMARK [2][-]{subsection.1.1.2}{Omega 3 fatty acid}{section.1.1}
\BOOKMARK [2][-]{subsection.1.1.3}{Phytochemicals}{section.1.1}
\BOOKMARK [1][-]{section.1.2}{Malnutrients}{chapter.1}
\BOOKMARK [2][-]{subsection.1.2.1}{Sugar}{section.1.2}
\BOOKMARK [2][-]{subsection.1.2.2}{Trans-fats}{section.1.2}
\BOOKMARK [3][-]{subsubsection.1.2.2.1}{Structure}{subsection.1.2.2}
\BOOKMARK [3][-]{subsubsection.1.2.2.2}{Effects}{subsection.1.2.2}
\BOOKMARK [2][-]{subsection.1.2.3}{Lead}{section.1.2}
\BOOKMARK [1][-]{section.1.3}{Calories}{chapter.1}
\BOOKMARK [0][-]{chapter.2}{Food components and sources}{part.1}
\BOOKMARK [1][-]{section.2.1}{General preferences}{chapter.2}
\BOOKMARK [2][-]{subsection.2.1.1}{Organic food}{section.2.1}
\BOOKMARK [2][-]{subsection.2.1.2}{Ideal variety}{section.2.1}
\BOOKMARK [2][-]{subsection.2.1.3}{Low glycemic index food}{section.2.1}
\BOOKMARK [1][-]{section.2.2}{Grains}{chapter.2}
\BOOKMARK [2][-]{subsection.2.2.1}{Pseudograins}{section.2.2}
\BOOKMARK [1][-]{section.2.3}{Fruits}{chapter.2}
\BOOKMARK [2][-]{subsection.2.3.1}{Fruit juices}{section.2.3}
\BOOKMARK [2][-]{subsection.2.3.2}{Long lasting fruits}{section.2.3}
\BOOKMARK [2][-]{subsection.2.3.3}{Pesticides, ripeners, preservatives}{section.2.3}
\BOOKMARK [1][-]{section.2.4}{Oil and fat}{chapter.2}
\BOOKMARK [2][-]{subsection.2.4.1}{Olive oil}{section.2.4}
\BOOKMARK [1][-]{section.2.5}{Vegetables and fungi}{chapter.2}
\BOOKMARK [1][-]{section.2.6}{Milk products}{chapter.2}
\BOOKMARK [2][-]{subsection.2.6.1}{Artificial Hormone avoidance}{section.2.6}
\BOOKMARK [2][-]{subsection.2.6.2}{Whey}{section.2.6}
\BOOKMARK [1][-]{section.2.7}{Spices}{chapter.2}
\BOOKMARK [0][-]{chapter.3}{Meal choices}{part.1}
\BOOKMARK [1][-]{section.3.1}{Be wary of taste: Stomach over brain over tongue}{chapter.3}
\BOOKMARK [1][-]{section.3.2}{Ingredient awareness}{chapter.3}
\BOOKMARK [2][-]{subsection.3.2.1}{Vegetarianism}{section.3.2}
\BOOKMARK [3][-]{subsubsection.3.2.1.1}{Caution while eating out}{subsection.3.2.1}
\BOOKMARK [2][-]{subsection.3.2.2}{Avoid poisons}{section.3.2}
\BOOKMARK [2][-]{subsection.3.2.3}{Adverse reaction causants}{section.3.2}
\BOOKMARK [1][-]{section.3.3}{Cooking awareness}{chapter.3}
\BOOKMARK [1][-]{section.3.4}{Dish awareness}{chapter.3}
\BOOKMARK [1][-]{section.3.5}{Eating pattern in USA}{chapter.3}
\BOOKMARK [2][-]{subsection.3.5.1}{Breakfast}{section.3.5}
\BOOKMARK [2][-]{subsection.3.5.2}{Lunch}{section.3.5}
\BOOKMARK [2][-]{subsection.3.5.3}{Snacks}{section.3.5}
\BOOKMARK [2][-]{subsection.3.5.4}{Dinner}{section.3.5}
\BOOKMARK [1][-]{section.3.6}{Quantity awareness}{chapter.3}
\BOOKMARK [2][-]{subsection.3.6.1}{adhikAnnasya visarjanaM}{section.3.6}
\BOOKMARK [2][-]{subsection.3.6.2}{Eating out}{section.3.6}
\BOOKMARK [1][-]{section.3.7}{Good resturaunts}{chapter.3}
\BOOKMARK [2][-]{subsection.3.7.1}{Social dining}{section.3.7}
\BOOKMARK [-1][-]{part.2}{Cooking}{}
\BOOKMARK [0][-]{chapter.4}{Procedures}{part.2}
\BOOKMARK [1][-]{section.4.1}{Freezing}{chapter.4}
\BOOKMARK [2][-]{subsection.4.1.1}{Defrosting}{section.4.1}
\BOOKMARK [1][-]{section.4.2}{Signs of cooking}{chapter.4}
\BOOKMARK [1][-]{section.4.3}{Cooking X in pressure cooker with 1:N water with M whistles}{chapter.4}
\BOOKMARK [2][-]{subsection.4.3.1}{Recipe}{section.4.3}
\BOOKMARK [1][-]{section.4.4}{Tadka}{chapter.4}
\BOOKMARK [1][-]{section.4.5}{Fermentation}{chapter.4}
\BOOKMARK [1][-]{section.4.6}{Rehydration of dried East Asian food}{chapter.4}
\BOOKMARK [0][-]{chapter.5}{Yogurt}{part.2}
\BOOKMARK [0][-]{chapter.6}{Grains}{part.2}
\BOOKMARK [1][-]{section.6.1}{Multi grain, whole grain Bread}{chapter.6}
\BOOKMARK [1][-]{section.6.2}{Kali \(Tamil\) or Mudde \(Kannada\)}{chapter.6}
\BOOKMARK [1][-]{section.6.3}{Rice}{chapter.6}
\BOOKMARK [1][-]{section.6.4}{Instant idli/ pancake}{chapter.6}
\BOOKMARK [2][-]{subsection.6.4.1}{Batter preparation}{section.6.4}
\BOOKMARK [2][-]{subsection.6.4.2}{Cooking}{section.6.4}
\BOOKMARK [2][-]{subsection.6.4.3}{Pseudograins}{section.6.4}
\BOOKMARK [0][-]{chapter.7}{Egg}{part.2}
\BOOKMARK [1][-]{section.7.1}{Egg in microwave}{chapter.7}
\BOOKMARK [2][-]{subsection.7.1.1}{Recipe}{section.7.1}
\BOOKMARK [0][-]{chapter.8}{Soups and vegetables}{part.2}
\BOOKMARK [1][-]{section.8.1}{Soups}{chapter.8}
\BOOKMARK [2][-]{subsection.8.1.1}{Dal}{section.8.1}
\BOOKMARK [2][-]{subsection.8.1.2}{Dal, the liquid}{section.8.1}
\BOOKMARK [2][-]{subsection.8.1.3}{Rasam or Chatamd or Soup}{section.8.1}
\BOOKMARK [2][-]{subsection.8.1.4}{Nalagri or Sambar}{section.8.1}
\BOOKMARK [2][-]{subsection.8.1.5}{Chocolate drink}{section.8.1}
\BOOKMARK [1][-]{section.8.2}{Vegetables}{chapter.8}
\BOOKMARK [2][-]{subsection.8.2.1}{Curry}{section.8.2}
\BOOKMARK [2][-]{subsection.8.2.2}{Curry - fried}{section.8.2}
