\BOOKMARK [-1][-]{part.1}{Car purchase}{}
\BOOKMARK [0][-]{chapter.1}{Identifying target}{part.1}
\BOOKMARK [1][-]{section.1.1}{Target identification}{chapter.1}
\BOOKMARK [2][-]{subsection.1.1.1}{About usage}{section.1.1}
\BOOKMARK [3][-]{subsubsection.1.1.1.1}{Used vs new}{subsection.1.1.1}
\BOOKMARK [3][-]{subsubsection.1.1.1.2}{Usage type}{subsection.1.1.1}
\BOOKMARK [3][-]{subsubsection.1.1.1.3}{Certification}{subsection.1.1.1}
\BOOKMARK [2][-]{subsection.1.1.2}{About various models}{section.1.1}
\BOOKMARK [2][-]{subsection.1.1.3}{Target description}{section.1.1}
\BOOKMARK [1][-]{section.1.2}{Good places to look for cars}{chapter.1}
\BOOKMARK [2][-]{subsection.1.2.1}{Private sellers}{section.1.2}
\BOOKMARK [3][-]{subsubsection.1.2.1.1}{Listings}{subsection.1.2.1}
\BOOKMARK [2][-]{subsection.1.2.2}{New car dealerships}{section.1.2}
\BOOKMARK [2][-]{subsection.1.2.3}{Used car lots}{section.1.2}
\BOOKMARK [2][-]{subsection.1.2.4}{Used car websites}{section.1.2}
\BOOKMARK [2][-]{subsection.1.2.5}{Rental car sell-outs}{section.1.2}
\BOOKMARK [2][-]{subsection.1.2.6}{Auctions}{section.1.2}
\BOOKMARK [1][-]{section.1.3}{Anecdotal data}{chapter.1}
\BOOKMARK [0][-]{chapter.2}{Inspection}{part.1}
\BOOKMARK [1][-]{section.2.1}{Evaluating a car}{chapter.2}
\BOOKMARK [2][-]{subsection.2.1.1}{Questions to ask on phone or in person}{section.2.1}
\BOOKMARK [2][-]{subsection.2.1.2}{Remote checks}{section.2.1}
\BOOKMARK [2][-]{subsection.2.1.3}{Questions to ask}{section.2.1}
\BOOKMARK [2][-]{subsection.2.1.4}{Documents to ask for}{section.2.1}
\BOOKMARK [2][-]{subsection.2.1.5}{Visual Inspection checklist}{section.2.1}
\BOOKMARK [3][-]{subsubsection.2.1.5.1}{Dents}{subsection.2.1.5}
\BOOKMARK [3][-]{subsubsection.2.1.5.2}{Other items}{subsection.2.1.5}
\BOOKMARK [2][-]{subsection.2.1.6}{Driving test}{section.2.1}
\BOOKMARK [2][-]{subsection.2.1.7}{Mechanic check}{section.2.1}
\BOOKMARK [0][-]{chapter.3}{Finalizing, other info}{part.1}
\BOOKMARK [1][-]{section.3.1}{Negotiation}{chapter.3}
\BOOKMARK [2][-]{subsection.3.1.1}{Closing the deal}{section.3.1}
\BOOKMARK [1][-]{section.3.2}{References}{chapter.3}
\BOOKMARK [-1][-]{part.2}{Owning, maintaining a car}{}
\BOOKMARK [0][-]{chapter.4}{Insurance}{part.2}
\BOOKMARK [1][-]{section.4.1}{Insurance}{chapter.4}
\BOOKMARK [2][-]{subsection.4.1.1}{Insurance coverage}{section.4.1}
\BOOKMARK [3][-]{subsubsection.4.1.1.1}{Permissive use}{subsection.4.1.1}
\BOOKMARK [1][-]{section.4.2}{Claims}{chapter.4}
\BOOKMARK [2][-]{subsection.4.2.1}{At accident scene}{section.4.2}
\BOOKMARK [2][-]{subsection.4.2.2}{Filing a claim}{section.4.2}
\BOOKMARK [3][-]{subsubsection.4.2.2.1}{Determining liability}{subsection.4.2.2}
\BOOKMARK [3][-]{subsubsection.4.2.2.2}{Damage assessment}{subsection.4.2.2}
\BOOKMARK [0][-]{chapter.5}{Car maintenance}{part.2}
\BOOKMARK [1][-]{section.5.1}{Oil change}{chapter.5}
\BOOKMARK [2][-]{subsection.5.1.1}{Oil change intervals}{section.5.1}
\BOOKMARK [2][-]{subsection.5.1.2}{Oils and filters}{section.5.1}
\BOOKMARK [2][-]{subsection.5.1.3}{Oil change places}{section.5.1}
\BOOKMARK [1][-]{section.5.2}{Fuel}{chapter.5}
\BOOKMARK [1][-]{section.5.3}{Brake}{chapter.5}
\BOOKMARK [2][-]{subsection.5.3.1}{Examination}{section.5.3}
\BOOKMARK [2][-]{subsection.5.3.2}{History}{section.5.3}
\BOOKMARK [2][-]{subsection.5.3.3}{Brake change places}{section.5.3}
\BOOKMARK [1][-]{section.5.4}{Battery}{chapter.5}
\BOOKMARK [2][-]{subsection.5.4.1}{Useful tools and materials}{section.5.4}
\BOOKMARK [2][-]{subsection.5.4.2}{Problem indicators and response}{section.5.4}
\BOOKMARK [2][-]{subsection.5.4.3}{Terminals}{section.5.4}
\BOOKMARK [2][-]{subsection.5.4.4}{Checking goodness}{section.5.4}
\BOOKMARK [2][-]{subsection.5.4.5}{History}{section.5.4}
\BOOKMARK [1][-]{section.5.5}{Wheel alignment}{chapter.5}
\BOOKMARK [2][-]{subsection.5.5.1}{Adjustment parameters}{section.5.5}
\BOOKMARK [1][-]{section.5.6}{Reputed mechanics}{chapter.5}
\BOOKMARK [2][-]{subsection.5.6.1}{Special repairs}{section.5.6}
\BOOKMARK [2][-]{subsection.5.6.2}{Negotiating with mechanics}{section.5.6}
\BOOKMARK [1][-]{section.5.7}{Tire}{chapter.5}
\BOOKMARK [2][-]{subsection.5.7.1}{Examination}{section.5.7}
\BOOKMARK [2][-]{subsection.5.7.2}{Good leak-fixing shops}{section.5.7}
\BOOKMARK [1][-]{section.5.8}{Wipers}{chapter.5}
\BOOKMARK [2][-]{subsection.5.8.1}{Examination}{section.5.8}
\BOOKMARK [2][-]{subsection.5.8.2}{Solution}{section.5.8}
\BOOKMARK [1][-]{section.5.9}{Fluid levels}{chapter.5}
\BOOKMARK [-1][-]{part.3}{Car operation}{}
\BOOKMARK [0][-]{chapter.6}{Driving}{part.3}
\BOOKMARK [1][-]{section.6.1}{Safety Facts}{chapter.6}
\BOOKMARK [1][-]{section.6.2}{Passenger safety}{chapter.6}
\BOOKMARK [1][-]{section.6.3}{Defensive driving}{chapter.6}
\BOOKMARK [1][-]{section.6.4}{Passing vehicles}{chapter.6}
\BOOKMARK [1][-]{section.6.5}{Highway driving}{chapter.6}
\BOOKMARK [2][-]{subsection.6.5.1}{Maintain alertness}{section.6.5}
\BOOKMARK [2][-]{subsection.6.5.2}{Toll roads}{section.6.5}
\BOOKMARK [1][-]{section.6.6}{Comfort}{chapter.6}
\BOOKMARK [1][-]{section.6.7}{Emergency situations}{chapter.6}
\BOOKMARK [2][-]{subsection.6.7.1}{Emergency vehicles}{section.6.7}
\BOOKMARK [2][-]{subsection.6.7.2}{Personal emergencies}{section.6.7}
\BOOKMARK [1][-]{section.6.8}{Navigation}{chapter.6}
\BOOKMARK [2][-]{subsection.6.8.1}{GPS}{section.6.8}
\BOOKMARK [2][-]{subsection.6.8.2}{Online map services}{section.6.8}
\BOOKMARK [0][-]{chapter.7}{Parking safety and security}{part.3}
\BOOKMARK [1][-]{section.7.1}{Parallel Parking}{chapter.7}
\BOOKMARK [1][-]{section.7.2}{Angular Parking}{chapter.7}
\BOOKMARK [2][-]{subsection.7.2.1}{Approach positioning}{section.7.2}
\BOOKMARK [2][-]{subsection.7.2.2}{Final positioning}{section.7.2}
\BOOKMARK [1][-]{section.7.3}{Location}{chapter.7}
\BOOKMARK [1][-]{section.7.4}{Burglary of contents}{chapter.7}
\BOOKMARK [2][-]{subsection.7.4.1}{Reduce attractiveness, increase difficulty}{section.7.4}
\BOOKMARK [2][-]{subsection.7.4.2}{Minimize damage in case of break-in}{section.7.4}
\BOOKMARK [2][-]{subsection.7.4.3}{Prosecuting the thief}{section.7.4}
\BOOKMARK [2][-]{subsection.7.4.4}{History}{section.7.4}
\BOOKMARK [3][-]{subsubsection.7.4.4.1}{October 9 2010}{subsection.7.4.4}
\BOOKMARK [0][-]{chapter.8}{Mishap history}{part.3}
\BOOKMARK [-1][-]{part.4}{Bicycle}{}
\BOOKMARK [0][-]{chapter.9}{Features}{part.4}
\BOOKMARK [1][-]{section.9.1}{Frame}{chapter.9}
\BOOKMARK [1][-]{section.9.2}{Handle-bar and seat}{chapter.9}
\BOOKMARK [2][-]{subsection.9.2.1}{Relative orientation and posture}{section.9.2}
\BOOKMARK [2][-]{subsection.9.2.2}{Handle bar supports}{section.9.2}
\BOOKMARK [2][-]{subsection.9.2.3}{Seat softness}{section.9.2}
\BOOKMARK [1][-]{section.9.3}{Wheel}{chapter.9}
\BOOKMARK [2][-]{subsection.9.3.1}{Axle}{section.9.3}
\BOOKMARK [1][-]{section.9.4}{Tire}{chapter.9}
\BOOKMARK [1][-]{section.9.5}{Brakes}{chapter.9}
\BOOKMARK [2][-]{subsection.9.5.1}{Brake-application}{section.9.5}
\BOOKMARK [1][-]{section.9.6}{Gear}{chapter.9}
\BOOKMARK [2][-]{subsection.9.6.1}{Gear size and rotation speed}{section.9.6}
\BOOKMARK [2][-]{subsection.9.6.2}{Gear shifting}{section.9.6}
\BOOKMARK [1][-]{section.9.7}{Categories}{chapter.9}
\BOOKMARK [0][-]{chapter.10}{Purchasing}{part.4}
\BOOKMARK [1][-]{section.10.1}{Assembly quality}{chapter.10}
\BOOKMARK [1][-]{section.10.2}{Usage}{chapter.10}
\BOOKMARK [0][-]{chapter.11}{Cycling}{part.4}
\BOOKMARK [1][-]{section.11.1}{Posture}{chapter.11}
\BOOKMARK [2][-]{subsection.11.1.1}{Seat height and angle}{section.11.1}
\BOOKMARK [2][-]{subsection.11.1.2}{Seat orientation relative to handlebar}{section.11.1}
\BOOKMARK [1][-]{section.11.2}{Safety}{chapter.11}
\BOOKMARK [1][-]{section.11.3}{Cadence}{chapter.11}
\BOOKMARK [1][-]{section.11.4}{Carrying stuff}{chapter.11}
\BOOKMARK [1][-]{section.11.5}{Commute itihAsa}{chapter.11}
\BOOKMARK [-1][-]{part.5}{Water vehicles}{}
\BOOKMARK [0][-]{chapter.12}{Stand up paddling}{part.5}
\BOOKMARK [0][-]{chapter.13}{Paddling}{part.5}
\BOOKMARK [0][-]{chapter.14}{Wind-surfing}{part.5}
\BOOKMARK [1][-]{section.14.1}{Situational awareness}{chapter.14}
\BOOKMARK [1][-]{section.14.2}{Preparing the boat}{chapter.14}
\BOOKMARK [1][-]{section.14.3}{Mechanics}{chapter.14}
\BOOKMARK [1][-]{section.14.4}{Controls}{chapter.14}
\BOOKMARK [2][-]{subsection.14.4.1}{Use body weight}{section.14.4}
\BOOKMARK [2][-]{subsection.14.4.2}{Static positioning}{section.14.4}
\BOOKMARK [2][-]{subsection.14.4.3}{Sailing}{section.14.4}
\BOOKMARK [3][-]{subsubsection.14.4.3.1}{Turning}{subsection.14.4.3}
\BOOKMARK [3][-]{subsubsection.14.4.3.2}{Dealing with gust}{subsection.14.4.3}
\BOOKMARK [1][-]{section.14.5}{Gross Movements}{chapter.14}
